app/build/outputs/logs/manifest-merger-debug-report.txt
-- Merging decision tree log ---
manifest
ADDED from src\main\AndroidManifest.xml:2:1-53:12
	package
		ADDED from src\main\AndroidManifest.xml:3:5-41
		INJECTED from src\main\AndroidManifest.xml
		INJECTED from src\main\AndroidManifest.xml
	android:versionName
		ADDED from src\main\AndroidManifest.xml:5:5-30
	android:versionCode
		ADDED from src\main\AndroidManifest.xml:4:5-28
		INJECTED from src\main\AndroidManifest.xml
		INJECTED from src\main\AndroidManifest.xml
	xmlns:android
		ADDED from src\main\AndroidManifest.xml:2:11-69
uses-sdk
ADDED from src\main\AndroidManifest.xml:7:5-9:41
	android:targetSdkVersion
		ADDED from src\main\AndroidManifest.xml:9:9-38
		INJECTED from src\main\AndroidManifest.xml
		INJECTED from src\main\AndroidManifest.xml
	android:minSdkVersion
		ADDED from src\main\AndroidManifest.xml:8:9-34
		INJECTED from src\main\AndroidManifest.xml
		INJECTED from src\main\AndroidManifest.xml
uses-permission#android.permission.CAMERA
ADDED from src\main\AndroidManifest.xml:11:5-64
	android:name
		ADDED from src\main\AndroidManifest.xml:11:22-62
uses-permission#android.permission.INTERNET
ADDED from src\main\AndroidManifest.xml:12:2-63
	android:name
		ADDED from src\main\AndroidManifest.xml:12:19-61
uses-permission#android.permission.VIBRATE
ADDED from src\main\AndroidManifest.xml:13:2-62
	android:name
		ADDED from src\main\AndroidManifest.xml:13:19-60
uses-permission#android.permission.FLASHLIGHT
ADDED from src\main\AndroidManifest.xml:14:2-65
	android:name
		ADDED from src\main\AndroidManifest.xml:14:19-63
uses-permission#android.permission.READ_CONTACTS
ADDED from src\main\AndroidManifest.xml:15:2-68
	android:name
		ADDED from src\main\AndroidManifest.xml:15:19-66
uses-permission#com.android.browser.permission.READ_HISTORY_BOOKMARKS
ADDED from src\main\AndroidManifest.xml:16:2-89
	android:name
		ADDED from src\main\AndroidManifest.xml:16:19-87
uses-permission#android.permission.WRITE_EXTERNAL_STORAGE
ADDED from src\main\AndroidManifest.xml:17:2-77
	android:name
		ADDED from src\main\AndroidManifest.xml:17:19-75
uses-permission#android.permission.CHANGE_WIFI_STATE
ADDED from src\main\AndroidManifest.xml:18:2-72
	android:name
		ADDED from src\main\AndroidManifest.xml:18:19-70
uses-permission#android.permission.ACCESS_WIFI_STATE
ADDED from src\main\AndroidManifest.xml:19:2-72
	android:name
		ADDED from src\main\AndroidManifest.xml:19:19-70
application
ADDED from src\main\AndroidManifest.xml:21:5-51:19
	android:label
		ADDED from src\main\AndroidManifest.xml:24:9-41
	android:allowBackup
		ADDED from src\main\AndroidManifest.xml:22:9-35
	android:icon
		ADDED from src\main\AndroidManifest.xml:23:9-45
	android:theme
		ADDED from src\main\AndroidManifest.xml:25:9-40
activity#br.exemplozxingintegration.MainActivity
ADDED from src\main\AndroidManifest.xml:27:9-36:20
	android:screenOrientation
		ADDED from src\main\AndroidManifest.xml:30:13-50
	android:label
		ADDED from src\main\AndroidManifest.xml:29:13-45
	android:name
		ADDED from src\main\AndroidManifest.xml:28:13-67
intent-filter#android.intent.action.MAIN+android.intent.category.LAUNCHER
ADDED from src\main\AndroidManifest.xml:31:13-35:29
action#android.intent.action.MAIN
ADDED from src\main\AndroidManifest.xml:32:17-69
	android:name
		ADDED from src\main\AndroidManifest.xml:32:25-66
category#android.intent.category.LAUNCHER
ADDED from src\main\AndroidManifest.xml:34:17-77
	android:name
		ADDED from src\main\AndroidManifest.xml:34:27-74
activity#com.google.zxing.client.android.CaptureActivity
ADDED from src\main\AndroidManifest.xml:38:9-49:20
	android:label
		ADDED from src\main\AndroidManifest.xml:40:13-42
	android:windowSoftInputMode
		ADDED from src\main\AndroidManifest.xml:43:13-60
	android:configChanges
		ADDED from src\main\AndroidManifest.xml:41:13-63
	android:theme
		ADDED from src\main\AndroidManifest.xml:42:13-71
	android:name
		ADDED from src\main\AndroidManifest.xml:39:13-75
intent-filter#android.intent.category.DEFAULT+com.google.zxing.client.android.SCAN
ADDED from src\main\AndroidManifest.xml:44:13-48:29
action#com.google.zxing.client.android.SCAN
ADDED from src\main\AndroidManifest.xml:45:17-79
	android:name
		ADDED from src\main\AndroidManifest.xml:45:25-76
category#android.intent.category.DEFAULT
ADDED from src\main\AndroidManifest.xml:47:17-76
	android:name
		ADDED from src\main\AndroidManifest.xml:47:27-73